<?xml version="1.0" encoding="UTF-8"?>
<testsuite xmlns:xsi="http://www.w3.org/2001/XMLSchema-instance" xsi:noNamespaceSchemaLocation="https://maven.apache.org/surefire/maven-surefire-plugin/xsd/surefire-test-report-3.0.xsd" version="3.0" name="TestSuite" time="99.773" tests="4" errors="0" skipped="0" failures="0">
  <properties>
    <property name="java.specification.version" value="16"/>
    <property name="sun.cpu.isalist" value="amd64"/>
    <property name="sun.jnu.encoding" value="Cp1252"/>
    <property name="java.class.path" value="C:\Users\jagadeesh.gadi.services\eclipse-workspace\TestAutomation_architecture\target\test-classes;C:\Users\jagadeesh.gadi.services\eclipse-workspace\TestAutomation_architecture\target\classes;C:\Users\jagadeesh.gadi.services\.m2\repository\org\projectlombok\lombok\1.18.20\lombok-1.18.20.jar;C:\Users\jagadeesh.gadi.services\.m2\repository\org\seleniumhq\selenium\selenium-java\3.141.59\selenium-java-3.141.59.jar;C:\Users\jagadeesh.gadi.services\.m2\repository\org\seleniumhq\selenium\selenium-api\3.141.59\selenium-api-3.141.59.jar;C:\Users\jagadeesh.gadi.services\.m2\repository\org\seleniumhq\selenium\selenium-chrome-driver\3.141.59\selenium-chrome-driver-3.141.59.jar;C:\Users\jagadeesh.gadi.services\.m2\repository\org\seleniumhq\selenium\selenium-edge-driver\3.141.59\selenium-edge-driver-3.141.59.jar;C:\Users\jagadeesh.gadi.services\.m2\repository\org\seleniumhq\selenium\selenium-firefox-driver\3.141.59\selenium-firefox-driver-3.141.59.jar;C:\Users\jagadeesh.gadi.services\.m2\repository\org\seleniumhq\selenium\selenium-ie-driver\3.141.59\selenium-ie-driver-3.141.59.jar;C:\Users\jagadeesh.gadi.services\.m2\repository\org\seleniumhq\selenium\selenium-opera-driver\3.141.59\selenium-opera-driver-3.141.59.jar;C:\Users\jagadeesh.gadi.services\.m2\repository\org\seleniumhq\selenium\selenium-remote-driver\3.141.59\selenium-remote-driver-3.141.59.jar;C:\Users\jagadeesh.gadi.services\.m2\repository\org\seleniumhq\selenium\selenium-safari-driver\3.141.59\selenium-safari-driver-3.141.59.jar;C:\Users\jagadeesh.gadi.services\.m2\repository\org\seleniumhq\selenium\selenium-support\3.141.59\selenium-support-3.141.59.jar;C:\Users\jagadeesh.gadi.services\.m2\repository\net\bytebuddy\byte-buddy\1.8.15\byte-buddy-1.8.15.jar;C:\Users\jagadeesh.gadi.services\.m2\repository\org\apache\commons\commons-exec\1.3\commons-exec-1.3.jar;C:\Users\jagadeesh.gadi.services\.m2\repository\com\google\guava\guava\25.0-jre\guava-25.0-jre.jar;C:\Users\jagadeesh.gadi.services\.m2\repository\com\google\code\findbugs\jsr305\1.3.9\jsr305-1.3.9.jar;C:\Users\jagadeesh.gadi.services\.m2\repository\org\checkerframework\checker-compat-qual\2.0.0\checker-compat-qual-2.0.0.jar;C:\Users\jagadeesh.gadi.services\.m2\repository\com\google\errorprone\error_prone_annotations\2.1.3\error_prone_annotations-2.1.3.jar;C:\Users\jagadeesh.gadi.services\.m2\repository\com\google\j2objc\j2objc-annotations\1.1\j2objc-annotations-1.1.jar;C:\Users\jagadeesh.gadi.services\.m2\repository\org\codehaus\mojo\animal-sniffer-annotations\1.14\animal-sniffer-annotations-1.14.jar;C:\Users\jagadeesh.gadi.services\.m2\repository\com\squareup\okhttp3\okhttp\3.11.0\okhttp-3.11.0.jar;C:\Users\jagadeesh.gadi.services\.m2\repository\com\squareup\okio\okio\1.14.0\okio-1.14.0.jar;C:\Users\jagadeesh.gadi.services\.m2\repository\org\apache\logging\log4j\log4j-api\2.14.1\log4j-api-2.14.1.jar;C:\Users\jagadeesh.gadi.services\.m2\repository\org\apache\logging\log4j\log4j-core\2.14.1\log4j-core-2.14.1.jar;C:\Users\jagadeesh.gadi.services\.m2\repository\org\testng\testng\7.4.0\testng-7.4.0.jar;C:\Users\jagadeesh.gadi.services\.m2\repository\com\beust\jcommander\1.78\jcommander-1.78.jar;C:\Users\jagadeesh.gadi.services\.m2\repository\org\webjars\jquery\3.5.1\jquery-3.5.1.jar;C:\Users\jagadeesh.gadi.services\.m2\repository\commons-io\commons-io\2.10.0\commons-io-2.10.0.jar;C:\Users\jagadeesh.gadi.services\.m2\repository\org\apache\poi\poi\5.0.0\poi-5.0.0.jar;C:\Users\jagadeesh.gadi.services\.m2\repository\org\slf4j\slf4j-api\1.7.30\slf4j-api-1.7.30.jar;C:\Users\jagadeesh.gadi.services\.m2\repository\org\slf4j\jcl-over-slf4j\1.7.30\jcl-over-slf4j-1.7.30.jar;C:\Users\jagadeesh.gadi.services\.m2\repository\commons-codec\commons-codec\1.15\commons-codec-1.15.jar;C:\Users\jagadeesh.gadi.services\.m2\repository\org\apache\commons\commons-collections4\4.4\commons-collections4-4.4.jar;C:\Users\jagadeesh.gadi.services\.m2\repository\org\apache\commons\commons-math3\3.6.1\commons-math3-3.6.1.jar;C:\Users\jagadeesh.gadi.services\.m2\repository\com\zaxxer\SparseBitSet\1.2\SparseBitSet-1.2.jar;C:\Users\jagadeesh.gadi.services\.m2\repository\com\aventstack\extentreports\5.0.8\extentreports-5.0.8.jar;C:\Users\jagadeesh.gadi.services\.m2\repository\io\reactivex\rxjava3\rxjava\3.0.4\rxjava-3.0.4.jar;C:\Users\jagadeesh.gadi.services\.m2\repository\org\reactivestreams\reactive-streams\1.0.3\reactive-streams-1.0.3.jar;C:\Users\jagadeesh.gadi.services\.m2\repository\org\freemarker\freemarker\2.3.30\freemarker-2.3.30.jar;C:\Users\jagadeesh.gadi.services\.m2\repository\com\google\code\gson\gson\2.8.6\gson-2.8.6.jar;"/>
    <property name="java.vm.vendor" value="Oracle Corporation"/>
    <property name="sun.arch.data.model" value="64"/>
    <property name="user.variant" value=""/>
    <property name="java.vendor.url" value="https://java.oracle.com/"/>
    <property name="user.timezone" value="Asia/Calcutta"/>
    <property name="os.name" value="Windows 10"/>
    <property name="java.vm.specification.version" value="16"/>
    <property name="sun.java.launcher" value="SUN_STANDARD"/>
    <property name="user.country" value="US"/>
    <property name="sun.boot.library.path" value="D:\Java\jdk-16.0.1\bin"/>
    <property name="sun.java.command" value="C:\Users\jagadeesh.gadi.services\AppData\Local\Temp\surefire3083168814513175389\surefirebooter14372325094310307771.jar C:\Users\jagadeesh.gadi.services\AppData\Local\Temp\surefire3083168814513175389 2021-07-16T21-06-34_879-jvmRun1 surefire2473546956076922190tmp surefire_04234896770701841908tmp"/>
    <property name="jdk.debug" value="release"/>
    <property name="surefire.test.class.path" value="C:\Users\jagadeesh.gadi.services\eclipse-workspace\TestAutomation_architecture\target\test-classes;C:\Users\jagadeesh.gadi.services\eclipse-workspace\TestAutomation_architecture\target\classes;C:\Users\jagadeesh.gadi.services\.m2\repository\org\projectlombok\lombok\1.18.20\lombok-1.18.20.jar;C:\Users\jagadeesh.gadi.services\.m2\repository\org\seleniumhq\selenium\selenium-java\3.141.59\selenium-java-3.141.59.jar;C:\Users\jagadeesh.gadi.services\.m2\repository\org\seleniumhq\selenium\selenium-api\3.141.59\selenium-api-3.141.59.jar;C:\Users\jagadeesh.gadi.services\.m2\repository\org\seleniumhq\selenium\selenium-chrome-driver\3.141.59\selenium-chrome-driver-3.141.59.jar;C:\Users\jagadeesh.gadi.services\.m2\repository\org\seleniumhq\selenium\selenium-edge-driver\3.141.59\selenium-edge-driver-3.141.59.jar;C:\Users\jagadeesh.gadi.services\.m2\repository\org\seleniumhq\selenium\selenium-firefox-driver\3.141.59\selenium-firefox-driver-3.141.59.jar;C:\Users\jagadeesh.gadi.services\.m2\repository\org\seleniumhq\selenium\selenium-ie-driver\3.141.59\selenium-ie-driver-3.141.59.jar;C:\Users\jagadeesh.gadi.services\.m2\repository\org\seleniumhq\selenium\selenium-opera-driver\3.141.59\selenium-opera-driver-3.141.59.jar;C:\Users\jagadeesh.gadi.services\.m2\repository\org\seleniumhq\selenium\selenium-remote-driver\3.141.59\selenium-remote-driver-3.141.59.jar;C:\Users\jagadeesh.gadi.services\.m2\repository\org\seleniumhq\selenium\selenium-safari-driver\3.141.59\selenium-safari-driver-3.141.59.jar;C:\Users\jagadeesh.gadi.services\.m2\repository\org\seleniumhq\selenium\selenium-support\3.141.59\selenium-support-3.141.59.jar;C:\Users\jagadeesh.gadi.services\.m2\repository\net\bytebuddy\byte-buddy\1.8.15\byte-buddy-1.8.15.jar;C:\Users\jagadeesh.gadi.services\.m2\repository\org\apache\commons\commons-exec\1.3\commons-exec-1.3.jar;C:\Users\jagadeesh.gadi.services\.m2\repository\com\google\guava\guava\25.0-jre\guava-25.0-jre.jar;C:\Users\jagadeesh.gadi.services\.m2\repository\com\google\code\findbugs\jsr305\1.3.9\jsr305-1.3.9.jar;C:\Users\jagadeesh.gadi.services\.m2\repository\org\checkerframework\checker-compat-qual\2.0.0\checker-compat-qual-2.0.0.jar;C:\Users\jagadeesh.gadi.services\.m2\repository\com\google\errorprone\error_prone_annotations\2.1.3\error_prone_annotations-2.1.3.jar;C:\Users\jagadeesh.gadi.services\.m2\repository\com\google\j2objc\j2objc-annotations\1.1\j2objc-annotations-1.1.jar;C:\Users\jagadeesh.gadi.services\.m2\repository\org\codehaus\mojo\animal-sniffer-annotations\1.14\animal-sniffer-annotations-1.14.jar;C:\Users\jagadeesh.gadi.services\.m2\repository\com\squareup\okhttp3\okhttp\3.11.0\okhttp-3.11.0.jar;C:\Users\jagadeesh.gadi.services\.m2\repository\com\squareup\okio\okio\1.14.0\okio-1.14.0.jar;C:\Users\jagadeesh.gadi.services\.m2\repository\org\apache\logging\log4j\log4j-api\2.14.1\log4j-api-2.14.1.jar;C:\Users\jagadeesh.gadi.services\.m2\repository\org\apache\logging\log4j\log4j-core\2.14.1\log4j-core-2.14.1.jar;C:\Users\jagadeesh.gadi.services\.m2\repository\org\testng\testng\7.4.0\testng-7.4.0.jar;C:\Users\jagadeesh.gadi.services\.m2\repository\com\beust\jcommander\1.78\jcommander-1.78.jar;C:\Users\jagadeesh.gadi.services\.m2\repository\org\webjars\jquery\3.5.1\jquery-3.5.1.jar;C:\Users\jagadeesh.gadi.services\.m2\repository\commons-io\commons-io\2.10.0\commons-io-2.10.0.jar;C:\Users\jagadeesh.gadi.services\.m2\repository\org\apache\poi\poi\5.0.0\poi-5.0.0.jar;C:\Users\jagadeesh.gadi.services\.m2\repository\org\slf4j\slf4j-api\1.7.30\slf4j-api-1.7.30.jar;C:\Users\jagadeesh.gadi.services\.m2\repository\org\slf4j\jcl-over-slf4j\1.7.30\jcl-over-slf4j-1.7.30.jar;C:\Users\jagadeesh.gadi.services\.m2\repository\commons-codec\commons-codec\1.15\commons-codec-1.15.jar;C:\Users\jagadeesh.gadi.services\.m2\repository\org\apache\commons\commons-collections4\4.4\commons-collections4-4.4.jar;C:\Users\jagadeesh.gadi.services\.m2\repository\org\apache\commons\commons-math3\3.6.1\commons-math3-3.6.1.jar;C:\Users\jagadeesh.gadi.services\.m2\repository\com\zaxxer\SparseBitSet\1.2\SparseBitSet-1.2.jar;C:\Users\jagadeesh.gadi.services\.m2\repository\com\aventstack\extentreports\5.0.8\extentreports-5.0.8.jar;C:\Users\jagadeesh.gadi.services\.m2\repository\io\reactivex\rxjava3\rxjava\3.0.4\rxjava-3.0.4.jar;C:\Users\jagadeesh.gadi.services\.m2\repository\org\reactivestreams\reactive-streams\1.0.3\reactive-streams-1.0.3.jar;C:\Users\jagadeesh.gadi.services\.m2\repository\org\freemarker\freemarker\2.3.30\freemarker-2.3.30.jar;C:\Users\jagadeesh.gadi.services\.m2\repository\com\google\code\gson\gson\2.8.6\gson-2.8.6.jar;"/>
    <property name="sun.cpu.endian" value="little"/>
    <property name="user.home" value="C:\Users\jagadeesh.gadi.services"/>
    <property name="user.language" value="en"/>
    <property name="java.specification.vendor" value="Oracle Corporation"/>
    <property name="java.version.date" value="2021-04-20"/>
    <property name="java.home" value="D:\Java\jdk-16.0.1"/>
    <property name="file.separator" value="\"/>
    <property name="basedir" value="C:\Users\jagadeesh.gadi.services\eclipse-workspace\TestAutomation_architecture"/>
    <property name="java.vm.compressedOopsMode" value="Zero based"/>
    <property name="line.separator" value="&#10;"/>
    <property name="java.vm.specification.vendor" value="Oracle Corporation"/>
    <property name="java.specification.name" value="Java Platform API Specification"/>
    <property name="surefire.real.class.path" value="C:\Users\jagadeesh.gadi.services\AppData\Local\Temp\surefire3083168814513175389\surefirebooter14372325094310307771.jar"/>
    <property name="user.script" value=""/>
    <property name="sun.management.compiler" value="HotSpot 64-Bit Tiered Compilers"/>
    <property name="java.runtime.version" value="16.0.1+9-24"/>
    <property name="user.name" value="jagadeesh.gadi"/>
    <property name="path.separator" value=";"/>
    <property name="os.version" value="10.0"/>
    <property name="java.runtime.name" value="Java(TM) SE Runtime Environment"/>
    <property name="file.encoding" value="Cp1252"/>
    <property name="java.vm.name" value="Java HotSpot(TM) 64-Bit Server VM"/>
    <property name="localRepository" value="C:\Users\jagadeesh.gadi.services\.m2\repository"/>
    <property name="java.vendor.url.bug" value="https://bugreport.java.com/bugreport/"/>
    <property name="java.io.tmpdir" value="C:\Users\JAGADE~1.SER\AppData\Local\Temp\"/>
    <property name="java.version" value="16.0.1"/>
    <property name="user.dir" value="C:\Users\jagadeesh.gadi.services\eclipse-workspace\TestAutomation_architecture"/>
    <property name="os.arch" value="amd64"/>
    <property name="webdriver.gecko.driver" value="C://Drivers//local//geckodriver.exe"/>
    <property name="java.vm.specification.name" value="Java Virtual Machine Specification"/>
    <property name="sun.os.patch.level" value=""/>
    <property name="java.library.path" value="D:\Java\jdk-16.0.1\bin;C:\WINDOWS\Sun\Java\bin;C:\WINDOWS\system32;C:\WINDOWS;C:\Users\jagadeesh.gadi.services\.jenkins\tools\hudson.tasks.Maven_MavenInstallation\Maven3/bin;D:\Java\jdk-16.0.1/bin;D:\Java\jdk-16.0.1/bin;C:\Program Files\AdoptOpenJDK\jre-8.0.222.10-hotspot\bin;C:\WINDOWS;C:\WINDOWS\System32\Wbem;C:\WINDOWS\System32\WindowsPowerShell\v1.0\;C:\WINDOWS\System32\OpenSSH\;C:\Program Files\Microsoft SQL Server\Client SDK\ODBC\170\Tools\Binn\;C:\Program Files (x86)\Microsoft SQL Server\150\Tools\Binn\;C:\Program Files\Microsoft SQL Server\150\Tools\Binn\;C:\Program Files\Microsoft SQL Server\150\DTS\Binn\;C:\Program Files (x86)\Microsoft SQL Server\150\DTS\Binn\;C:\Program Files\dotnet\;C:\Program Files\Tesseract-OCR;C:\Program Files\gs\gs9.53.3\bin;C:\Program Files (x86)\dotnet\;C:\Users\jagadeesh.gadi\AppData\Local\salabs_\WebDriverManager\chrome\88.0.4324.96\chromedriver_win32;C:\Program Files\Git\cmd;C:\Users\jagadeesh.gadi\AppData\Local\Programs\Python\Python37;C:\Users\jagadeesh.gadi\AppData\Local\Programs\Python\Python37\Scripts;C:\Program Files\poppler-0.68.0\bin;C:\Program Files\Docker\Docker\resources\bin;C:\ProgramData\DockerDesktop\version-bin;C:\Program Files (x86)\Microsoft SQL Server\110\DTS\Binn\;C:\Program Files (x86)\Microsoft SQL Server\120\DTS\Binn\;C:\Program Files (x86)\Microsoft SQL Server\130\DTS\Binn\;C:\Program Files (x86)\Microsoft SQL Server\140\DTS\Binn\;C:\Program Files\Microsoft SQL Server\130\Tools\Binn\;C:\Program Files\Common Files\Oracle\Java\javapath;C:\Users\jagadeesh.gadi.services\AppData\Local\Microsoft\WindowsApps;;C:\Program Files\JetBrains\PyCharm Community Edition 2020.3.3\bin;;."/>
    <property name="java.vm.info" value="mixed mode, sharing"/>
    <property name="java.vendor" value="Oracle Corporation"/>
    <property name="java.vm.version" value="16.0.1+9-24"/>
    <property name="sun.io.unicode.encoding" value="UnicodeLittle"/>
    <property name="java.class.version" value="60.0"/>
  </properties>
  <testcase name="TestScript_01" classname="TestCases_PKG.TestCases" time="6.831"/>
  <testcase name="TestScript_02" classname="TestCases_PKG.TestCases" time="0.109"/>
  <testcase name="TestScript_03" classname="TestCases_PKG.TestCases" time="0.116"/>
  <testcase name="TestScript_04" classname="TestCases_PKG.TestCases" time="0.12"/>
</testsuite>