<?xml version="1.0" encoding="UTF-8"?>
<!-- Generated by org.testng.reporters.JUnitReportReporter -->
<testsuite hostname="PIN-PG00W9SM" failures="0" tests="4" name="TestCases_PKG.TestCases" time="7.192" errors="0" timestamp="2021-07-16T21:08:16 IST" skipped="0">
  <testcase classname="TestCases_PKG.TestCases" name="TestScript_01" time="6.830"/>
  <system-out/>
  <testcase classname="TestCases_PKG.TestCases" name="TestScript_02" time="0.123"/>
  <system-out/>
  <testcase classname="TestCases_PKG.TestCases" name="TestScript_03" time="0.117"/>
  <system-out/>
  <testcase classname="TestCases_PKG.TestCases" name="TestScript_04" time="0.122"/>
  <system-out/>
</testsuite> <!-- TestCases_PKG.TestCases -->
